<?xml version="1.0" encoding="UTF-8"?>
<!-- Generated by org.testng.reporters.JUnitReportReporter -->
<testsuite skipped="0" hostname="Asus-NA" name="testcases.replyToTicket" tests="1" failures="0" timestamp="2023-08-07T11:11:46 IST" time="103.491" errors="0">
  <testcase name="reply" time="103.491" classname="testcases.replyToTicket"/>
  <system-out/>
</testsuite> <!-- testcases.replyToTicket -->
