<?xml version="1.0" encoding="UTF-8"?>
<!-- Generated by org.testng.reporters.JUnitReportReporter -->
<testsuite skipped="0" hostname="Asus-NA" name="testcases.CreateStatusTest" tests="1" failures="0" timestamp="2023-08-07T11:11:46 IST" time="55.342" errors="0">
  <testcase name="createPriority" time="55.342" classname="testcases.CreateStatusTest"/>
  <system-out/>
</testsuite> <!-- testcases.CreateStatusTest -->
