<?xml version="1.0" encoding="UTF-8"?>
<!-- Generated by org.testng.reporters.JUnitReportReporter -->
<testsuite skipped="0" hostname="Asus-NA" name="testcases.createNewTicket" tests="1" failures="0" timestamp="2023-08-07T11:11:46 IST" time="25.908" errors="0">
  <testcase name="newTicket" time="25.908" classname="testcases.createNewTicket"/>
  <system-out/>
</testsuite> <!-- testcases.createNewTicket -->
