<?xml version="1.0" encoding="UTF-8"?>
<!-- Generated by org.testng.reporters.JUnitReportReporter -->
<testsuite skipped="0" hostname="Asus-NA" name="testcases.logoutTest" tests="1" failures="0" timestamp="2023-08-07T11:11:46 IST" time="66.736" errors="0">
  <testcase name="logout" time="66.736" classname="testcases.logoutTest"/>
  <system-out>
<br>Verification failure : expected [You have logged out successfully] but found [You have logged out successfully.]<br> <a target="_blank" href=Mon_Aug_07_11_11_44_IST_2023.jpg><img src=Mon_Aug_07_11_11_44_IST_2023.jpg height=400 width=400></img></a> <br> <br>  </system-out>
</testsuite> <!-- testcases.logoutTest -->
