<?xml version="1.0" encoding="UTF-8"?>
<!-- Generated by org.testng.reporters.JUnitReportReporter -->
<testsuite skipped="0" hostname="Asus-NA" name="testcases.LoginTest" tests="2" failures="0" timestamp="2023-08-07T11:11:46 IST" time="55.968" errors="0">
  <testcase name="validatelogin" time="8.689" classname="testcases.LoginTest"/>
  <system-out/>
  <testcase name="loginfirst" time="47.279" classname="testcases.LoginTest"/>
  <system-out/>
</testsuite> <!-- testcases.LoginTest -->
