<?xml version="1.0" encoding="UTF-8"?>
<!-- Generated by org.testng.reporters.JUnitReportReporter -->
<testsuite skipped="0" hostname="Asus-NA" name="testcases.DeleteTest" tests="2" failures="0" timestamp="2023-08-07T11:11:46 IST" time="172.045" errors="0">
  <testcase name="DeleteStatus" time="88.775" classname="testcases.DeleteTest"/>
  <system-out/>
  <testcase name="DeletePriority" time="83.270" classname="testcases.DeleteTest"/>
  <system-out/>
</testsuite> <!-- testcases.DeleteTest -->
