<?xml version="1.0" encoding="UTF-8"?>
<!-- Generated by org.testng.reporters.JUnitReportReporter -->
<testsuite skipped="0" hostname="Asus-NA" name="testcases.DeleteB" tests="2" failures="0" timestamp="2023-08-07T01:29:17 IST" time="139.040" errors="0">
  <testcase name="DeleteStatus" time="66.393" classname="testcases.DeleteB"/>
  <system-out/>
  <testcase name="DeletePriority" time="72.647" classname="testcases.DeleteB"/>
  <system-out/>
</testsuite> <!-- testcases.DeleteB -->
