<?xml version="1.0" encoding="UTF-8"?>
<!-- Generated by org.testng.reporters.JUnitReportReporter -->
<testsuite skipped="0" hostname="Asus-NA" name="testcases.MakeDeafultTest" tests="1" failures="0" timestamp="2023-08-06T20:02:38 IST" time="64.689" errors="0">
  <testcase name="makeDefault" time="64.689" classname="testcases.MakeDeafultTest"/>
  <system-out/>
</testsuite> <!-- testcases.MakeDeafultTest -->
