<?xml version="1.0" encoding="UTF-8"?>
<!-- Generated by org.testng.reporters.JUnitReportReporter -->
<testsuite skipped="0" hostname="Asus-NA" name="testcases.MakeDefaultPriorityTest" tests="1" failures="0" timestamp="2023-08-07T11:11:46 IST" time="73.439" errors="0">
  <testcase name="DefaultForStatus" time="73.439" classname="testcases.MakeDefaultPriorityTest"/>
  <system-out/>
</testsuite> <!-- testcases.MakeDefaultPriorityTest -->
