<?xml version="1.0" encoding="UTF-8"?>
<!-- Generated by org.testng.reporters.JUnitReportReporter -->
<testsuite skipped="0" hostname="Asus-NA" name="testcases.ScenarioTest1" tests="1" failures="0" timestamp="2023-08-06T14:46:20 IST" time="56.027" errors="0">
  <testcase name="loginfirst" time="56.027" classname="testcases.ScenarioTest1"/>
  <system-out/>
</testsuite> <!-- testcases.ScenarioTest1 -->
